d:\storage files\documents\github\shapesifter\shapesifter\shapesifter\x64\debug\vc143.pdb
d:\storage files\documents\github\shapesifter\shapesifter\shapesifter\x64\debug\vc143.idb
d:\storage files\documents\github\shapesifter\shapesifter\shapesifter\x64\debug\main.obj
d:\storage files\documents\github\shapesifter\shapesifter\shapesifter\x64\debug\game.obj
d:\storage files\documents\github\shapesifter\shapesifter\shapesifter\x64\debug\common.obj
d:\storage files\documents\github\shapesifter\shapesifter\shapesifter\x64\debug\testobject.obj
d:\storage files\documents\github\shapesifter\shapesifter\shapesifter\x64\debug\player.obj
d:\storage files\documents\github\shapesifter\shapesifter\shapesifter\x64\debug\bullet.obj
d:\storage files\documents\github\shapesifter\shapesifter\shapesifter\x64\debug\enemy.obj
d:\storage files\documents\github\shapesifter\shapesifter\shapesifter\x64\debug\red.obj
d:\storage files\documents\github\shapesifter\shapesifter\shapesifter\x64\debug\blue.obj
d:\storage files\documents\github\shapesifter\shapesifter\shapesifter\x64\debug\wavemanager.obj
d:\storage files\documents\github\shapesifter\shapesifter\shapesifter\x64\debug\ui.obj
d:\storage files\documents\github\shapesifter\shapesifter\x64\debug\shapesifter.exe
d:\storage files\documents\github\shapesifter\shapesifter\shapesifter\x64\debug\shapesifter.ilk
d:\storage files\documents\github\shapesifter\shapesifter\x64\debug\shapesifter.pdb
d:\storage files\documents\github\shapesifter\shapesifter\shapesifter\x64\debug\gameobject.obj
d:\storage files\documents\github\shapesifter\shapesifter\shapesifter\x64\debug\game.obj.enc
d:\storage files\documents\github\shapesifter\shapesifter\shapesifter\x64\debug\shapesifter.tlog\cl.command.1.tlog
d:\storage files\documents\github\shapesifter\shapesifter\shapesifter\x64\debug\shapesifter.tlog\cl.items.tlog
d:\storage files\documents\github\shapesifter\shapesifter\shapesifter\x64\debug\shapesifter.tlog\cl.read.1.tlog
d:\storage files\documents\github\shapesifter\shapesifter\shapesifter\x64\debug\shapesifter.tlog\cl.write.1.tlog
d:\storage files\documents\github\shapesifter\shapesifter\shapesifter\x64\debug\shapesifter.tlog\link.command.1.tlog
d:\storage files\documents\github\shapesifter\shapesifter\shapesifter\x64\debug\shapesifter.tlog\link.read.1.tlog
d:\storage files\documents\github\shapesifter\shapesifter\shapesifter\x64\debug\shapesifter.tlog\link.write.1.tlog
